\o Program:		@(#)$CDS: libManager version 6.1.6 - CAT33 05/07/2013 21:21 (sjfnl896) $
\o Sub version:		sub-version  s001 
\o Arguments:		-mpssession virtuoso8532 -mpshost vetur.ifi.uio.no 
\o Working Directory:	vetur.ifi.uio.no:/ifi/bifrost/m00/vegardmi/work/github/collaborate/inf4420/sar_adc/cadence
\o 64-bit offsets
\o changeWorkingDir("/ifi/bifrost/m00/vegardmi/work/github/collaborate/inf4420/sar_adc/cadence") unnecessary.
\o ddSetForcedLib("") unnecessary.
\a nrSetWindowVisibility(cdsLibManager "show")
\o MPS service: map window
\o Qt version: 		4.7.2
\o Log file is "/ifi/bifrost/m00/vegardmi/work/github/collaborate/inf4420/sar_adc/cadence/libManager.log".
\o Opening libManager window.
\o Library Manager customization server connected.
\a nrResizeWindow(cdsLibManager list(-9 20 1918 1098))
\a nrSetCurrentWindow(cdsLibManager)
\a nrResizeWindow(cdsLibManager list(1 28 1920 1099))
\w Warning: The directory: '/ifi/bifrost/m00/vegardmi/work/github/collaborate/inf4420/sar_adc/cadence/sar' does not exist
\w 	but was defined in libFile '/ifi/bifrost/m00/vegardmi/work/github/collaborate/inf4420/sar_adc/cadence/cds.lib' for Lib 'sar'.
\a cdsLibManager->libListBox->value = "sar_adc"
\a cdsLibManager->libLineEdit->value = "sar_adc"
\a cdsLibManager->cellListBox->value = "SAR_system"
\a cdsLibManager->cellLineEdit->value = "SAR_system"
\a cdsLibManager->viewListBox->value = "schematic"
\a cdsLibManager->viewLineEdit->value = "schematic"
\o MPS request: edit design
\a nrListItemAction(cdsLibManager->gdmXTView 0 0)
\a cdsLibManager->libListBox->value = nil
\a cdsLibManager->cellListBox->value = nil
\a cdsLibManager->viewLineEdit->value = ""
\a cdsLibManager->viewListBox->value = nil
\a cdsLibManager->cellLineEdit->value = ""
\a cdsLibManager->libLineEdit->value = ""
\w Warning: The directory: '/ifi/bifrost/m00/vegardmi/work/github/collaborate/inf4420/sar_adc/cadence/sar' does not exist
\w 	but was defined in libFile '/ifi/bifrost/m00/vegardmi/work/github/collaborate/inf4420/sar_adc/cadence/cds.lib' for Lib 'sar'.
\a cdsLibManager->libListBox->value = "sar_adc"
\a cdsLibManager->libLineEdit->value = "sar_adc"
\a cdsLibManager->cellListBox->value = "SAR_system"
\a cdsLibManager->cellLineEdit->value = "SAR_system"
\a cdsLibManager->viewListBox->value = "schematic"
\a cdsLibManager->viewLineEdit->value = "schematic"
\a cdsLibManager->viewLineEdit->value = ""
\a cdsLibManager->viewListBox->value = nil
\a cdsLibManager->viewListBox->value = "schematic"
\a cdsLibManager->viewLineEdit->value = "schematic"
\a nrSetCurrentWindow(cdsLibManager)
\a cdsLibManager->cellListBox->value = "SIM_op_amp"
\a cdsLibManager->viewLineEdit->value = ""
\a cdsLibManager->viewListBox->value = nil
\a cdsLibManager->viewListBox->value = "schematic"
\a cdsLibManager->viewLineEdit->value = "schematic"
\a nrListItemAction(cdsLibManager->cellListBox 5 0)
\a cdsLibManager->viewLineEdit->value = ""
\a cdsLibManager->viewListBox->value = nil
\o MPS request: edit design
\a cdsLibManager->cellLineEdit->value = "SIM_op_amp"
\a nrResizeWindow(cdsLibManager list(1 28 1920 1127))
\a nrResizeWindow(cdsLibManager list(1 28 1920 1099))
\a nrSetCurrentWindow(cdsLibManager)
\a nrSetCurrentWindow(cdsLibManager)
\a cdsLibManager->FileNewCVButton->value = t
\a nrSetCurrentWindow(cdsLibManager)
\a nrSetCurrentWindow(cdsLibManager)
\a cdsLibManager->FileNewCVButton->value = t
\a nrSetCurrentWindow(cdsLibManager)
\a cdsLibManager->libListBox->value = nil
\a cdsLibManager->cellListBox->value = nil
\a cdsLibManager->cellLineEdit->value = ""
\a cdsLibManager->libLineEdit->value = ""
\w Warning: The directory: '/ifi/bifrost/m00/vegardmi/work/github/collaborate/inf4420/sar_adc/cadence/sar' does not exist
\w 	but was defined in libFile '/ifi/bifrost/m00/vegardmi/work/github/collaborate/inf4420/sar_adc/cadence/cds.lib' for Lib 'sar'.
\a cdsLibManager->libListBox->value = "sar_adc"
\a cdsLibManager->libLineEdit->value = "sar_adc"
\a cdsLibManager->cellListBox->value = "SIM_op_amp"
\a cdsLibManager->cellLineEdit->value = "SIM_op_amp"
\a cdsLibManager->viewListBox->value = "schematic"
\a cdsLibManager->viewLineEdit->value = "schematic"
\a cdsLibManager->viewLineEdit->value = ""
\a cdsLibManager->viewListBox->value = nil
\a cdsLibManager->viewListBox->value = "schematic"
\a cdsLibManager->viewLineEdit->value = "schematic"
\a nrResizeWindow(cdsLibManager list(1 28 1920 1127))
\a nrResizeWindow(cdsLibManager list(1 28 1920 1099))
\a cdsLibManager->libListBox->value = nil
\a cdsLibManager->cellListBox->value = nil
\a cdsLibManager->viewLineEdit->value = ""
\a cdsLibManager->viewListBox->value = nil
\a cdsLibManager->cellLineEdit->value = ""
\a cdsLibManager->libLineEdit->value = ""
\w Warning: The directory: '/ifi/bifrost/m00/vegardmi/work/github/collaborate/inf4420/sar_adc/cadence/sar' does not exist
\w 	but was defined in libFile '/ifi/bifrost/m00/vegardmi/work/github/collaborate/inf4420/sar_adc/cadence/cds.lib' for Lib 'sar'.
\a cdsLibManager->libListBox->value = "sar_adc"
\a cdsLibManager->libLineEdit->value = "sar_adc"
\a cdsLibManager->cellListBox->value = "SIM_op_amp"
\a cdsLibManager->cellLineEdit->value = "SIM_op_amp"
\a cdsLibManager->viewListBox->value = "schematic"
\a cdsLibManager->viewLineEdit->value = "schematic"
\a cdsLibManager->viewLineEdit->value = ""
\a cdsLibManager->viewListBox->value = nil
\a cdsLibManager->viewListBox->value = "schematic"
\a cdsLibManager->viewLineEdit->value = "schematic"
\a nrSetCurrentWindow(cdsLibManager)
\a nrSetWindowVisibility(cdsLibManager "hide")
\o libManager is exiting.
\a exit(0)
