Virtuoso Framework License (111) was checked out successfully. Total checkout time was 0.08s.

*WARNING* (icLic-3) Could not get license Virtuoso_Schematic_Editor_L

*WARNING* (icLic-21) License Virtuoso_Schematic_Editor_L ("Schematics L") is not available to run Schematics L.
Trying to check out the license Virtuoso_Schematic_Editor_XL ("Schematics XL") instead.

*INFO* (icLic-25) License Virtuoso_Schematic_Editor_XL ("Schematics XL") was used to run Schematics L.

*WARNING* The directory: '/ifi/bifrost/m00/vegardmi/work/github/collaborate/inf4420/sar_adc/cadence/sar' does not exist
	but was defined in libFile '/ifi/bifrost/m00/vegardmi/work/github/collaborate/inf4420/sar_adc/cadence/cds.lib' for Lib 'sar'.

*WARNING* The directory: '/ifi/bifrost/m00/vegardmi/work/github/collaborate/inf4420/sar_adc/cadence/sar' does not exist
	but was defined in libFile '/ifi/bifrost/m00/vegardmi/work/github/collaborate/inf4420/sar_adc/cadence/cds.lib' for Lib 'sar'.

Initializing from libInit.il for library tsmcN90rf...
   --  /ifi/asgard/project0/nanos/design_kit/TSMC90nmLPRF_616OA/tsmcN90rf/../skill/pc90_1.cdn
   --  /ifi/asgard/project0/nanos/design_kit/TSMC90nmLPRF_616OA/tsmcN90rf/../skill/pc90_2.cdn
   --  /ifi/asgard/project0/nanos/design_kit/TSMC90nmLPRF_616OA/tsmcN90rf/../skill/pc90_3.cdn
   --  /ifi/asgard/project0/nanos/design_kit/TSMC90nmLPRF_616OA/tsmcN90rf/../skill/pc90mom_9.cdn
   --  /ifi/asgard/project0/nanos/design_kit/TSMC90nmLPRF_616OA/tsmcN90rf/../skill/mom61.cdn
   --  /ifi/asgard/project0/nanos/design_kit/TSMC90nmLPRF_616OA/tsmcN90rf/../skill/tsmcN90.crtmom_mx.20120116.cxt1
   --  tsmcN90rf_updateCDFs.il
   --  tsAbutFunction.il
   --  tsmcPdkParamTable.il
   --  tsmc_esti.ile
   --  tsmcN90rf.cxt
   --  tsmcN90Tool.cxt

Running Artist Hierarchical Netlisting ...

ERROR (OSSHNL-116): Unable to descend into any of the views defined in the view list, 'auCdl schematic', for the
instance 'I24' in cell 'SAR_system_3'. Either add one of these views to the library 'sar_adc',
cell 'sar' or modify the view list to contain an existing view.

End netlisting Apr 27 21:14:13 2016
ERROR (OSSHNL-514): Netlist generation failed because of the errors reported above. The netlist might not have been generated at all or,if a netlist was produced, it might be corrupt.Fix the reported errors and generate the netlist again.

