Starting Single Run, Sweeps and Corners...

Current time: Thu Apr  7 12:35:00 2016 
Best design point: 1
Design specs: 
	sar_adc:SIM_sample_hold:1	corner	Nominal - 
Design parameters: 
	delay		0
	fall		1p
	period		2u
	pulse_width		1u
	rise		1p
	V_ac		0
	V_dc		1.2
	frequency		10k
	v_amplitude		500m
	v_offset		500m
	vsin_dc		500m
	v_off		0
	v_on		1
	vbias_dc		1

Interactive.6
Number of points completed: 1
Number of simulation errors: 0
Interactive.6 completed. 
Current time: Thu Apr  7 12:35:11 2016 
